\BOOKMARK [0][-]{chapter.1}{東京大学地文研究会天文部 日電引き継ぎ}{}% 1
\BOOKMARK [1][-]{section.1.1}{冒頭部の情報について}{chapter.1}% 2
\BOOKMARK [1][-]{section.1.2}{実行に必要な知識・技能}{chapter.1}% 3
\BOOKMARK [1][-]{section.1.3}{タスクの重さ}{chapter.1}% 4
\BOOKMARK [1][-]{section.1.4}{難易度}{chapter.1}% 5
\BOOKMARK [1][-]{section.1.5}{タスクの必須度}{chapter.1}% 6
\BOOKMARK [1][-]{section.1.6}{情報の必須度}{chapter.1}% 7
\BOOKMARK [0][-]{chapter.2}{プロジェクト マネジメント}{}% 8
\BOOKMARK [1][-]{section.2.1}{概要}{chapter.2}% 9
\BOOKMARK [1][-]{section.2.2}{チーム編成}{chapter.2}% 10
\BOOKMARK [1][-]{section.2.3}{作業が始まったら}{chapter.2}% 11
\BOOKMARK [0][-]{chapter.3}{日周緯度変\(日周緯度変換機構\)}{}% 12
\BOOKMARK [1][-]{section.3.1}{概要}{chapter.3}% 13
\BOOKMARK [1][-]{section.3.2}{構成}{chapter.3}% 14
\BOOKMARK [1][-]{section.3.3}{歯車機構と減速比}{chapter.3}% 15
\BOOKMARK [1][-]{section.3.4}{モーターの角速度}{chapter.3}% 16
\BOOKMARK [0][-]{chapter.4}{日周緯度変\(さいたま\)}{}% 17
\BOOKMARK [1][-]{section.4.1}{概要}{chapter.4}% 18
\BOOKMARK [1][-]{section.4.2}{沿革}{chapter.4}% 19
\BOOKMARK [1][-]{section.4.3}{使い方}{chapter.4}% 20
\BOOKMARK [1][-]{section.4.4}{電装}{chapter.4}% 21
\BOOKMARK [1][-]{section.4.5}{プログラム}{chapter.4}% 22
\BOOKMARK [1][-]{section.4.6}{今後の展望}{chapter.4}% 23
\BOOKMARK [0][-]{chapter.5}{日周緯度変\(Ikebukuro\)}{}% 24
\BOOKMARK [1][-]{section.5.1}{概要}{chapter.5}% 25
\BOOKMARK [1][-]{section.5.2}{沿革}{chapter.5}% 26
\BOOKMARK [1][-]{section.5.3}{使い方}{chapter.5}% 27
\BOOKMARK [1][-]{section.5.4}{電装}{chapter.5}% 28
\BOOKMARK [1][-]{section.5.5}{プロトコルとコマンド}{chapter.5}% 29
\BOOKMARK [0][-]{chapter.6}{日周緯度変\(外部制御アプリ\)}{}% 30
\BOOKMARK [1][-]{section.6.1}{概要}{chapter.6}% 31
\BOOKMARK [1][-]{section.6.2}{沿革}{chapter.6}% 32
\BOOKMARK [1][-]{section.6.3}{Ogoseの特徴と使い方}{chapter.6}% 33
\BOOKMARK [1][-]{section.6.4}{通信プログラム}{chapter.6}% 34
\BOOKMARK [1][-]{section.6.5}{今後の展望}{chapter.6}% 35
\BOOKMARK [0][-]{chapter.7}{日周緯度変\(外部制御アプリの歴史\)}{}% 36
\BOOKMARK [1][-]{section.7.1}{概要}{chapter.7}% 37
\BOOKMARK [1][-]{section.7.2}{Tokyo Terminal\(2012\)}{chapter.7}% 38
\BOOKMARK [1][-]{section.7.3}{NisshuidohenController2\(2012\)}{chapter.7}% 39
\BOOKMARK [1][-]{section.7.4}{Fujisawa\(2013\)}{chapter.7}% 40
\BOOKMARK [1][-]{section.7.5}{Chichibu\(2014\)}{chapter.7}% 41
\BOOKMARK [1][-]{section.7.6}{Ogose\(2016\)}{chapter.7}% 42
\BOOKMARK [0][-]{chapter.8}{日周緯度変\(Ogoseの実装解説\)}{}% 43
\BOOKMARK [1][-]{section.8.1}{概要}{chapter.8}% 44
\BOOKMARK [1][-]{section.8.2}{ファイル構成}{chapter.8}% 45
\BOOKMARK [1][-]{section.8.3}{App.xaml}{chapter.8}% 46
\BOOKMARK [1][-]{section.8.4}{MainWindow.xaml}{chapter.8}% 47
\BOOKMARK [1][-]{section.8.5}{MainWindow.xaml.cs}{chapter.8}% 48
\BOOKMARK [1][-]{section.8.6}{NisshuidohenController.cs}{chapter.8}% 49
\BOOKMARK [0][-]{chapter.9}{無線制御}{}% 50
\BOOKMARK [1][-]{section.9.1}{概要}{chapter.9}% 51
\BOOKMARK [1][-]{section.9.2}{沿革}{chapter.9}% 52
\BOOKMARK [1][-]{section.9.3}{無線通信の要件}{chapter.9}% 53
\BOOKMARK [0][-]{chapter.10}{無線制御\(PISCIUM\)}{}% 54
\BOOKMARK [1][-]{section.10.1}{概要}{chapter.10}% 55
\BOOKMARK [1][-]{section.10.2}{使い方}{chapter.10}% 56
\BOOKMARK [1][-]{section.10.3}{技術仕様}{chapter.10}% 57
\BOOKMARK [0][-]{chapter.11}{またたき回路}{}% 58
\BOOKMARK [0][-]{chapter.12}{配線}{}% 59
\BOOKMARK [1][-]{section.12.1}{概要}{chapter.12}% 60
\BOOKMARK [1][-]{section.12.2}{配線を行うタイミング}{chapter.12}% 61
\BOOKMARK [1][-]{section.12.3}{配線計画}{chapter.12}% 62
\BOOKMARK [1][-]{section.12.4}{コードの管理}{chapter.12}% 63
\BOOKMARK [1][-]{section.12.5}{ドーム外配線}{chapter.12}% 64
\BOOKMARK [1][-]{section.12.6}{ドーム内配線}{chapter.12}% 65
\BOOKMARK [0][-]{chapter.13}{配線\(かごしい内\)}{}% 66
\BOOKMARK [0][-]{chapter.14}{備品管理}{}% 67
\BOOKMARK [1][-]{section.14.1}{概要}{chapter.14}% 68
\BOOKMARK [1][-]{section.14.2}{日電カゴ}{chapter.14}% 69
\BOOKMARK [1][-]{section.14.3}{部室の部品}{chapter.14}% 70
\BOOKMARK [1][-]{section.14.4}{部室の工具}{chapter.14}% 71
\BOOKMARK [0][-]{chapter.15}{主投影機との連携}{}% 72
\BOOKMARK [1][-]{section.15.1}{概要}{chapter.15}% 73
\BOOKMARK [1][-]{section.15.2}{こうとう}{chapter.15}% 74
\BOOKMARK [1][-]{section.15.3}{いっとう}{chapter.15}% 75
\BOOKMARK [1][-]{section.15.4}{ぎんとう}{chapter.15}% 76
\BOOKMARK [1][-]{section.15.5}{星座絵}{chapter.15}% 77
\BOOKMARK [1][-]{section.15.6}{ドーム}{chapter.15}% 78
\BOOKMARK [1][-]{section.15.7}{ソフト}{chapter.15}% 79
\BOOKMARK [1][-]{section.15.8}{かごしい}{chapter.15}% 80
\BOOKMARK [1][-]{section.15.9}{展示}{chapter.15}% 81
\BOOKMARK [0][-]{chapter.16}{補助投影機との連携}{}% 82
\BOOKMARK [1][-]{section.16.1}{概要}{chapter.16}% 83
\BOOKMARK [1][-]{section.16.2}{あおとう}{chapter.16}% 84
\BOOKMARK [1][-]{section.16.3}{あくとう}{chapter.16}% 85
\BOOKMARK [1][-]{section.16.4}{あゆとう}{chapter.16}% 86
\BOOKMARK [1][-]{section.16.5}{しるとう}{chapter.16}% 87
\BOOKMARK [1][-]{section.16.6}{りゅうとう}{chapter.16}% 88
\BOOKMARK [0][-]{chapter.17}{部品の買い方}{}% 89
\BOOKMARK [1][-]{section.17.1}{概要}{chapter.17}% 90
\BOOKMARK [1][-]{section.17.2}{リアル店舗で買う}{chapter.17}% 91
\BOOKMARK [1][-]{section.17.3}{ネットで買う}{chapter.17}% 92
\BOOKMARK [0][-]{chapter.18}{マイコンをはじめよう}{}% 93
\BOOKMARK [1][-]{section.18.1}{概要}{chapter.18}% 94
\BOOKMARK [1][-]{section.18.2}{マイコン比較}{chapter.18}% 95
\BOOKMARK [1][-]{section.18.3}{マイコンボード比較}{chapter.18}% 96
\BOOKMARK [1][-]{section.18.4}{結局何を選べばいいのか}{chapter.18}% 97
